<?xml version="1.0" encoding="UTF-8"?>
<!-- Generated by org.testng.reporters.JUnitReportReporter -->
<testsuite hostname="Prashant" failures="0" tests="3" name="TestNG.TestNG_Demo2" time="54.667" errors="0" timestamp="2023-09-07T14:02:45 IST" skipped="0">
  <testcase classname="TestNG.TestNG_Demo2" name="clickOnLink2" time="16.189"/>
  <testcase classname="TestNG.TestNG_Demo2" name="googleSearch3" time="5.257"/>
  <testcase classname="TestNG.TestNG_Demo2" name="googleSearch2" time="33.221"/>
</testsuite> <!-- TestNG.TestNG_Demo2 -->
