<?xml version="1.0" encoding="UTF-8"?>
<!-- Generated by org.testng.reporters.JUnitReportReporter -->
<testsuite hostname="Prashant" failures="0" tests="2" name="TestRunner.RunTestNG" time="92.110" errors="0" timestamp="2023-08-22T20:47:35 IST" skipped="0">
  <testcase classname="TestRunner.RunTestNG" name="runScenario" time="48.184"/>
  <testcase classname="TestRunner.RunTestNG" name="runScenario" time="43.926"/>
</testsuite> <!-- TestRunner.RunTestNG -->
