<?xml version="1.0" encoding="UTF-8"?>
<!-- Generated by org.testng.reporters.JUnitReportReporter -->
<testsuite hostname="Prashant" failures="0" tests="2" name="TestNG.TestNG_Demo" time="34.156" errors="0" timestamp="2023-09-07T14:24:01 IST" skipped="0">
  <testcase classname="TestNG.TestNG_Demo" name="clickOnLink" time="23.142"/>
  <testcase classname="TestNG.TestNG_Demo" name="googleSearch" time="11.014"/>
</testsuite> <!-- TestNG.TestNG_Demo -->
